Using pre-set license
Built from '2020.3/staging' branch; Version is '2020.3.25f1 (9b9180224418) revision 10195328'; Using compiler version '192528614'; Build Type 'Release'
OS: 'Windows 10  (10.0.19043) 64bit Core' Language: 'fr' Physical Memory: 15813 MB
BatchMode: 1, IsHumanControllingUs: 0, StartBugReporterOnCrash: 0, Is64bit: 1, IsPro: 0

COMMAND LINE ARGUMENTS:
C:\Program Files\Unity\Hub\Editor\2020.3.25f1\Editor\Unity.exe
-adb2
-batchMode
-noUpm
-name
AssetImportWorker1
-projectPath
C:/Users/Girali/Documents/VernetLesBains_GameJam
-logFile
Logs/AssetImportWorker1.log
-srvPort
62559
Successfully changed project path to: C:/Users/Girali/Documents/VernetLesBains_GameJam
C:/Users/Girali/Documents/VernetLesBains_GameJam
Using Asset Import Pipeline V2.
Refreshing native plugins compatible for Editor in 248.68 ms, found 2 plugins.
Preloading 0 native plugins for Editor in 0.00 ms.
Initialize engine version: 2020.3.25f1 (9b9180224418)
[Subsystems] Discovering subsystems at path C:/Program Files/Unity/Hub/Editor/2020.3.25f1/Editor/Data/Resources/UnitySubsystems
[Subsystems] Discovering subsystems at path C:/Users/Girali/Documents/VernetLesBains_GameJam/Assets
GfxDevice: creating device client; threaded=0
Direct3D:
    Version:  Direct3D 11.0 [level 11.0]
    Renderer: NVIDIA GeForce GTX 960M (ID=0x139b)
    Vendor:   
    VRAM:     4055 MB
    Driver:   30.0.14.7111
Initialize mono
Mono path[0] = 'C:/Program Files/Unity/Hub/Editor/2020.3.25f1/Editor/Data/Managed'
Mono path[1] = 'C:/Program Files/Unity/Hub/Editor/2020.3.25f1/Editor/Data/MonoBleedingEdge/lib/mono/unityjit'
Mono config path = 'C:/Program Files/Unity/Hub/Editor/2020.3.25f1/Editor/Data/MonoBleedingEdge/etc'
Using monoOptions --debugger-agent=transport=dt_socket,embedding=1,server=y,suspend=n,address=127.0.0.1:56212
Begin MonoManager ReloadAssembly
Registering precompiled unity dll's ...
Register platform support module: C:/Program Files/Unity/Hub/Editor/2020.3.25f1/Editor/Data/PlaybackEngines/WindowsStandaloneSupport/UnityEditor.WindowsStandalone.Extensions.dll
Registered in 0.002938 seconds.
Native extension for WindowsStandalone target not found
Refreshing native plugins compatible for Editor in 140.20 ms, found 2 plugins.
Preloading 0 native plugins for Editor in 0.00 ms.
Mono: successfully reloaded assembly
- Completed reload, in  0.956 seconds
Domain Reload Profiling:
	ReloadAssembly (956ms)
		BeginReloadAssembly (81ms)
			ExecutionOrderSort (0ms)
			DisableScriptedObjects (0ms)
			BackupInstance (0ms)
			ReleaseScriptingObjects (0ms)
			CreateAndSetChildDomain (1ms)
		EndReloadAssembly (767ms)
			LoadAssemblies (78ms)
			RebuildTransferFunctionScriptingTraits (0ms)
			SetupTypeCache (226ms)
			ReleaseScriptCaches (0ms)
			RebuildScriptCaches (46ms)
			SetupLoadedEditorAssemblies (341ms)
				LogAssemblyErrors (0ms)
				InitializePlatformSupportModulesInManaged (5ms)
				SetLoadedEditorAssemblies (1ms)
				RefreshPlugins (140ms)
				BeforeProcessingInitializeOnLoad (27ms)
				ProcessInitializeOnLoadAttributes (123ms)
				ProcessInitializeOnLoadMethodAttributes (44ms)
				AfterProcessingInitializeOnLoad (0ms)
				EditorAssembliesLoaded (0ms)
			ExecutionOrderSort2 (0ms)
			AwakeInstancesAfterBackupRestoration (0ms)
Platform modules already initialized, skipping
Registering precompiled user dll's ...
Registered in 0.010036 seconds.
Begin MonoManager ReloadAssembly
Native extension for WindowsStandalone target not found
Refreshing native plugins compatible for Editor in 139.40 ms, found 2 plugins.
Preloading 0 native plugins for Editor in 0.00 ms.
Mono: successfully reloaded assembly
- Completed reload, in 10.404 seconds
Domain Reload Profiling:
	ReloadAssembly (10417ms)
		BeginReloadAssembly (245ms)
			ExecutionOrderSort (0ms)
			DisableScriptedObjects (8ms)
			BackupInstance (0ms)
			ReleaseScriptingObjects (0ms)
			CreateAndSetChildDomain (28ms)
		EndReloadAssembly (10067ms)
			LoadAssemblies (4774ms)
			RebuildTransferFunctionScriptingTraits (0ms)
			SetupTypeCache (1774ms)
			ReleaseScriptCaches (1ms)
			RebuildScriptCaches (112ms)
			SetupLoadedEditorAssemblies (3194ms)
				LogAssemblyErrors (0ms)
				InitializePlatformSupportModulesInManaged (4ms)
				SetLoadedEditorAssemblies (0ms)
				RefreshPlugins (140ms)
				BeforeProcessingInitializeOnLoad (177ms)
				ProcessInitializeOnLoadAttributes (654ms)
				ProcessInitializeOnLoadMethodAttributes (2207ms)
				AfterProcessingInitializeOnLoad (11ms)
				EditorAssembliesLoaded (1ms)
			ExecutionOrderSort2 (0ms)
			AwakeInstancesAfterBackupRestoration (12ms)
Platform modules already initialized, skipping
========================================================================
Worker process is ready to serve import requests
Launched and connected shader compiler UnityShaderCompiler.exe after 0.09 seconds
Refreshing native plugins compatible for Editor in 1.84 ms, found 2 plugins.
Preloading 0 native plugins for Editor in 0.00 ms.
Unloading 3978 Unused Serialized files (Serialized files now loaded: 0)
System memory in use before: 357.3 MB.
System memory in use after: 356.3 MB.

Unloading 26 unused Assets to reduce memory usage. Loaded Objects now: 4420.
Total: 7.343100 ms (FindLiveObjects: 0.802600 ms CreateObjectMapping: 0.565500 ms MarkObjects: 4.731100 ms  DeleteObjects: 1.242200 ms)

AssetImportParameters requested are different than current active one (requested -> active):
  custom:framework-win-MediaFoundation: 216162199b28c13a410421893ffa2e32 -> 
  custom:video-decoder-ogg-theora: a1e56fd34408186e4bbccfd4996cb3dc -> 
  custom:container-muxer-webm: aa71ff27fc2769a1b78a27578f13a17b -> 
  custom:container-demuxer-webm: 4f35f7cbe854078d1ac9338744f61a02 -> 
  custom:container-demuxer-ogg: 62fdf1f143b41e24485cea50d1cbac27 -> 
  custom:video-encoder-webm-vp8: eb34c28f22e8b96e1ab97ce403110664 -> 
  custom:video-decoder-webm-vp8: 9c59270c3fd7afecdb556c50c9e8de78 -> 
  custom:audio-decoder-ogg-vorbis: bf7c407c2cedff20999df2af8eb42d56 -> 
  custom:audio-encoder-webm-vorbis: bf7c407c2cedff20999df2af8eb42d56 -> 
========================================================================
Received Import Request.
  path: Assets/Models/église.fbx
  artifactKey: Guid(77b877b38e1ab3747ac1b5011bd59923) Importer(815301076,1909f56bfc062723c751e8b465ee728b)
Start importing Assets/Models/église.fbx using Guid(77b877b38e1ab3747ac1b5011bd59923) Importer(815301076,1909f56bfc062723c751e8b465ee728b)  -> (artifact id: '32c13dd137f5ec8e7fe0a6f5bd130c86') in 0.381275 seconds 
  Import took 0.394194 seconds .

========================================================================
Received Import Request.
  Time since last request: 0.000333 seconds.
  path: Assets/Models/porte.fbx
  artifactKey: Guid(f2c8eaec46c476544a3156dedf128aed) Importer(815301076,1909f56bfc062723c751e8b465ee728b)
Start importing Assets/Models/porte.fbx using Guid(f2c8eaec46c476544a3156dedf128aed) Importer(815301076,1909f56bfc062723c751e8b465ee728b)  -> (artifact id: '4480e42c0b00632336d6cbdfbcc99e51') in 0.034668 seconds 
  Import took 0.047428 seconds .

========================================================================
Received Import Request.
  Time since last request: 0.000366 seconds.
  path: Assets/Models/pont.fbx
  artifactKey: Guid(c219257a536ca17468c625684fa90911) Importer(815301076,1909f56bfc062723c751e8b465ee728b)
Start importing Assets/Models/pont.fbx using Guid(c219257a536ca17468c625684fa90911) Importer(815301076,1909f56bfc062723c751e8b465ee728b)  -> (artifact id: '65a012925425b3802e070a59dd4505b1') in 0.031734 seconds 
  Import took 0.042079 seconds .

========================================================================
Received Import Request.
  Time since last request: 0.000298 seconds.
  path: Assets/Models/rocks.fbx
  artifactKey: Guid(58fd7a96b7300bd4b98a1f53e7ed55bd) Importer(815301076,1909f56bfc062723c751e8b465ee728b)
Start importing Assets/Models/rocks.fbx using Guid(58fd7a96b7300bd4b98a1f53e7ed55bd) Importer(815301076,1909f56bfc062723c751e8b465ee728b)  -> (artifact id: 'c1cc1ed0e18c551de97b9784db05ea11') in 0.138256 seconds 
  Import took 0.147674 seconds .

========================================================================
Received Import Request.
  Time since last request: 0.000307 seconds.
  path: Assets/Models/T-Pose enfant.fbx
  artifactKey: Guid(ff9b5b626b87817448bc0542a2d596b1) Importer(815301076,1909f56bfc062723c751e8b465ee728b)
Start importing Assets/Models/T-Pose enfant.fbx using Guid(ff9b5b626b87817448bc0542a2d596b1) Importer(815301076,1909f56bfc062723c751e8b465ee728b)  -> (artifact id: 'e78a52f5631acc964d9f9709470bd1fd') in 0.113745 seconds 
  Import took 0.122338 seconds .

========================================================================
Received Import Request.
  Time since last request: 0.000295 seconds.
  path: Assets/Models/tombe.fbx
  artifactKey: Guid(2bb6269ca36a92d4ca3405be9356d1b0) Importer(815301076,1909f56bfc062723c751e8b465ee728b)
Start importing Assets/Models/tombe.fbx using Guid(2bb6269ca36a92d4ca3405be9356d1b0) Importer(815301076,1909f56bfc062723c751e8b465ee728b)  -> (artifact id: 'f99feee4b76e349137188cb84ffb1ada') in 0.030927 seconds 
  Import took 0.040671 seconds .

========================================================================
Received Import Request.
  Time since last request: 0.000208 seconds.
  path: Assets/Models/vitrine.fbx
  artifactKey: Guid(27a8ef2e378cdbc46b55c9311fb55adb) Importer(815301076,1909f56bfc062723c751e8b465ee728b)
Start importing Assets/Models/vitrine.fbx using Guid(27a8ef2e378cdbc46b55c9311fb55adb) Importer(815301076,1909f56bfc062723c751e8b465ee728b)  -> (artifact id: '57e362f979ee997b533af95d48561c22') in 0.026052 seconds 
  Import took 0.039785 seconds .

========================================================================
Received Import Request.
  Time since last request: 0.000228 seconds.
  path: Assets/Models/porte 2.fbx
  artifactKey: Guid(0aa34bc0031e88e41af8f9c013370463) Importer(815301076,1909f56bfc062723c751e8b465ee728b)
Start importing Assets/Models/porte 2.fbx using Guid(0aa34bc0031e88e41af8f9c013370463) Importer(815301076,1909f56bfc062723c751e8b465ee728b)  -> (artifact id: '038b4cb5eac0dbf2a244c81c7ef2248d') in 0.025144 seconds 
  Import took 0.032541 seconds .

========================================================================
Received Import Request.
  Time since last request: 79.176180 seconds.
  path: Assets/Models/Player.fbx
  artifactKey: Guid(ce306d699f5cab44b952d20660794850) Importer(815301076,1909f56bfc062723c751e8b465ee728b)
Start importing Assets/Models/Player.fbx using Guid(ce306d699f5cab44b952d20660794850) Importer(815301076,1909f56bfc062723c751e8b465ee728b)  -> (artifact id: '0c4273fc705e3ec4923ceffcc71eafc6') in 0.220679 seconds 
  Import took 0.239867 seconds .

========================================================================
Received Import Request.
  Time since last request: 682.848095 seconds.
  path: Assets/Models/Player.fbx
  artifactKey: Guid(ce306d699f5cab44b952d20660794850) Importer(815301076,1909f56bfc062723c751e8b465ee728b)
Start importing Assets/Models/Player.fbx using Guid(ce306d699f5cab44b952d20660794850) Importer(815301076,1909f56bfc062723c751e8b465ee728b)  -> (artifact id: '5d989546bd1ac4521846df0de0e1eabe') in 0.068936 seconds 
  Import took 0.080995 seconds .

========================================================================
Received Import Request.
  Time since last request: 4.700036 seconds.
  path: Assets/Models/fontaine.fbx
  artifactKey: Guid(9946dc8801fc88340a3cab94b0a79d7c) Importer(815301076,1909f56bfc062723c751e8b465ee728b)
Start importing Assets/Models/fontaine.fbx using Guid(9946dc8801fc88340a3cab94b0a79d7c) Importer(815301076,1909f56bfc062723c751e8b465ee728b)  -> (artifact id: '8159a8fb07df2a332aeed3013cfb687d') in 0.033616 seconds 
  Import took 0.044158 seconds .

========================================================================
Received Import Request.
  Time since last request: 0.284417 seconds.
  path: Assets/Models/fenetre 2.fbx
  artifactKey: Guid(b14509d347342c54aac3a669ce102d7f) Importer(815301076,1909f56bfc062723c751e8b465ee728b)
Start importing Assets/Models/fenetre 2.fbx using Guid(b14509d347342c54aac3a669ce102d7f) Importer(815301076,1909f56bfc062723c751e8b465ee728b)  -> (artifact id: '24c5a005f081bbb13574816ab4ddde09') in 0.031540 seconds 
  Import took 0.041938 seconds .

========================================================================
Received Import Request.
  Time since last request: 0.900389 seconds.
  path: Assets/Models/enseigne 2.fbx
  artifactKey: Guid(f7144bfb257f74e4181bc706068e1930) Importer(815301076,1909f56bfc062723c751e8b465ee728b)
Start importing Assets/Models/enseigne 2.fbx using Guid(f7144bfb257f74e4181bc706068e1930) Importer(815301076,1909f56bfc062723c751e8b465ee728b)  -> (artifact id: '6dc36b246d8a6af556f12b0f531754c4') in 0.030774 seconds 
  Import took 0.039724 seconds .

========================================================================
Received Import Request.
  Time since last request: 0.273052 seconds.
  path: Assets/Models/enfant.fbx
  artifactKey: Guid(ae2533fcfbba111448c792f614777339) Importer(815301076,1909f56bfc062723c751e8b465ee728b)
Start importing Assets/Models/enfant.fbx using Guid(ae2533fcfbba111448c792f614777339) Importer(815301076,1909f56bfc062723c751e8b465ee728b)  -> (artifact id: 'f03117d0c94f3f0867e042309d56c909') in 0.036826 seconds 
  Import took 0.046414 seconds .

========================================================================
Received Import Request.
  Time since last request: 0.849423 seconds.
  path: Assets/Models/colonne.fbx
  artifactKey: Guid(78d7dc5dffc8eff4ebd3e00a1ef3ef45) Importer(815301076,1909f56bfc062723c751e8b465ee728b)
Start importing Assets/Models/colonne.fbx using Guid(78d7dc5dffc8eff4ebd3e00a1ef3ef45) Importer(815301076,1909f56bfc062723c751e8b465ee728b)  -> (artifact id: '2cde619e98eb499a7c20a9caa84abf2b') in 0.034795 seconds 
  Import took 0.044172 seconds .

========================================================================
Received Import Request.
  Time since last request: 0.345875 seconds.
  path: Assets/Models/casino.fbx
  artifactKey: Guid(7f73b37fda1c1044eaf12232a2b4c9e6) Importer(815301076,1909f56bfc062723c751e8b465ee728b)
Start importing Assets/Models/casino.fbx using Guid(7f73b37fda1c1044eaf12232a2b4c9e6) Importer(815301076,1909f56bfc062723c751e8b465ee728b)  -> (artifact id: '8b751aa545a00e9408acfbdecb809cc9') in 0.051578 seconds 
  Import took 0.060780 seconds .

========================================================================
Received Import Request.
  Time since last request: 0.390070 seconds.
  path: Assets/Models/banc.fbx
  artifactKey: Guid(e8cf92230a6eb0c49a61d13fe60a5764) Importer(815301076,1909f56bfc062723c751e8b465ee728b)
Start importing Assets/Models/banc.fbx using Guid(e8cf92230a6eb0c49a61d13fe60a5764) Importer(815301076,1909f56bfc062723c751e8b465ee728b)  -> (artifact id: '9591a3a4600e328cfbcf42f0bd29850c') in 0.032311 seconds 
  Import took 0.044996 seconds .

========================================================================
Received Import Request.
  Time since last request: 0.993834 seconds.
  path: Assets/Models/appareil photo.fbx
  artifactKey: Guid(0ecbf3e6541974944b3988230087c23e) Importer(815301076,1909f56bfc062723c751e8b465ee728b)
Start importing Assets/Models/appareil photo.fbx using Guid(0ecbf3e6541974944b3988230087c23e) Importer(815301076,1909f56bfc062723c751e8b465ee728b)  -> (artifact id: '3228c74506fa49f4ee0bfa2aea070714') in 0.032453 seconds 
  Import took 0.043662 seconds .

========================================================================
Received Import Request.
  Time since last request: 698.984399 seconds.
  path: Assets/Scenes/MainScene_Gameplay.unity
  artifactKey: Guid(4bba86aeb1a8c754bb500b9b06b46d45) Importer(815301076,1909f56bfc062723c751e8b465ee728b)
Start importing Assets/Scenes/MainScene_Gameplay.unity using Guid(4bba86aeb1a8c754bb500b9b06b46d45) Importer(815301076,1909f56bfc062723c751e8b465ee728b)  -> (artifact id: 'b001f1b45653e1adfbba08e1808a9123') in 0.010733 seconds 
  Import took 0.021158 seconds .

========================================================================
Received Import Request.
  Time since last request: 1.998421 seconds.
  path: Assets/Scenes/MainScene.unity
  artifactKey: Guid(9fc0d4010bbf28b4594072e72b8655ab) Importer(815301076,1909f56bfc062723c751e8b465ee728b)
Start importing Assets/Scenes/MainScene.unity using Guid(9fc0d4010bbf28b4594072e72b8655ab) Importer(815301076,1909f56bfc062723c751e8b465ee728b)  -> (artifact id: 'ba735b378755084e129f1d3549a8c4de') in 0.012926 seconds 
  Import took 0.024842 seconds .

