Using pre-set license
Built from '2020.3/staging' branch; Version is '2020.3.25f1 (9b9180224418) revision 10195328'; Using compiler version '192528614'; Build Type 'Release'
OS: 'Windows 10  (10.0.19043) 64bit Core' Language: 'fr' Physical Memory: 15813 MB
BatchMode: 1, IsHumanControllingUs: 0, StartBugReporterOnCrash: 0, Is64bit: 1, IsPro: 0

COMMAND LINE ARGUMENTS:
C:\Program Files\Unity\Hub\Editor\2020.3.25f1\Editor\Unity.exe
-adb2
-batchMode
-noUpm
-name
AssetImportWorker0
-projectPath
C:/Users/Girali/Documents/GitHub/VernetLesBains_GameJam
-logFile
Logs/AssetImportWorker0.log
-srvPort
55132
Successfully changed project path to: C:/Users/Girali/Documents/GitHub/VernetLesBains_GameJam
C:/Users/Girali/Documents/GitHub/VernetLesBains_GameJam
Using Asset Import Pipeline V2.
Refreshing native plugins compatible for Editor in 39.60 ms, found 2 plugins.
Preloading 0 native plugins for Editor in 0.00 ms.
Initialize engine version: 2020.3.25f1 (9b9180224418)
[Subsystems] Discovering subsystems at path C:/Program Files/Unity/Hub/Editor/2020.3.25f1/Editor/Data/Resources/UnitySubsystems
[Subsystems] Discovering subsystems at path C:/Users/Girali/Documents/GitHub/VernetLesBains_GameJam/Assets
GfxDevice: creating device client; threaded=0
Direct3D:
    Version:  Direct3D 11.0 [level 11.0]
    Renderer: NVIDIA GeForce GTX 960M (ID=0x139b)
    Vendor:   
    VRAM:     4055 MB
    Driver:   30.0.14.7111
Initialize mono
Mono path[0] = 'C:/Program Files/Unity/Hub/Editor/2020.3.25f1/Editor/Data/Managed'
Mono path[1] = 'C:/Program Files/Unity/Hub/Editor/2020.3.25f1/Editor/Data/MonoBleedingEdge/lib/mono/unityjit'
Mono config path = 'C:/Program Files/Unity/Hub/Editor/2020.3.25f1/Editor/Data/MonoBleedingEdge/etc'
Using monoOptions --debugger-agent=transport=dt_socket,embedding=1,server=y,suspend=n,address=127.0.0.1:56312
Begin MonoManager ReloadAssembly
Registering precompiled unity dll's ...
Register platform support module: C:/Program Files/Unity/Hub/Editor/2020.3.25f1/Editor/Data/PlaybackEngines/WindowsStandaloneSupport/UnityEditor.WindowsStandalone.Extensions.dll
Registered in 0.002527 seconds.
Native extension for WindowsStandalone target not found
Refreshing native plugins compatible for Editor in 45.63 ms, found 2 plugins.
Preloading 0 native plugins for Editor in 0.00 ms.
Mono: successfully reloaded assembly
- Completed reload, in  0.740 seconds
Domain Reload Profiling:
	ReloadAssembly (740ms)
		BeginReloadAssembly (69ms)
			ExecutionOrderSort (0ms)
			DisableScriptedObjects (0ms)
			BackupInstance (0ms)
			ReleaseScriptingObjects (0ms)
			CreateAndSetChildDomain (1ms)
		EndReloadAssembly (581ms)
			LoadAssemblies (66ms)
			RebuildTransferFunctionScriptingTraits (0ms)
			SetupTypeCache (186ms)
			ReleaseScriptCaches (0ms)
			RebuildScriptCaches (36ms)
			SetupLoadedEditorAssemblies (204ms)
				LogAssemblyErrors (0ms)
				InitializePlatformSupportModulesInManaged (5ms)
				SetLoadedEditorAssemblies (0ms)
				RefreshPlugins (46ms)
				BeforeProcessingInitializeOnLoad (22ms)
				ProcessInitializeOnLoadAttributes (98ms)
				ProcessInitializeOnLoadMethodAttributes (34ms)
				AfterProcessingInitializeOnLoad (0ms)
				EditorAssembliesLoaded (0ms)
			ExecutionOrderSort2 (0ms)
			AwakeInstancesAfterBackupRestoration (0ms)
Platform modules already initialized, skipping
Registering precompiled user dll's ...
Registered in 0.006503 seconds.
Begin MonoManager ReloadAssembly
Native extension for WindowsStandalone target not found
Refreshing native plugins compatible for Editor in 0.33 ms, found 2 plugins.
Preloading 0 native plugins for Editor in 0.00 ms.
Mono: successfully reloaded assembly
- Completed reload, in  1.289 seconds
Domain Reload Profiling:
	ReloadAssembly (1291ms)
		BeginReloadAssembly (172ms)
			ExecutionOrderSort (0ms)
			DisableScriptedObjects (5ms)
			BackupInstance (0ms)
			ReleaseScriptingObjects (0ms)
			CreateAndSetChildDomain (21ms)
		EndReloadAssembly (1043ms)
			LoadAssemblies (107ms)
			RebuildTransferFunctionScriptingTraits (0ms)
			SetupTypeCache (343ms)
			ReleaseScriptCaches (1ms)
			RebuildScriptCaches (50ms)
			SetupLoadedEditorAssemblies (418ms)
				LogAssemblyErrors (0ms)
				InitializePlatformSupportModulesInManaged (6ms)
				SetLoadedEditorAssemblies (1ms)
				RefreshPlugins (0ms)
				BeforeProcessingInitializeOnLoad (115ms)
				ProcessInitializeOnLoadAttributes (266ms)
				ProcessInitializeOnLoadMethodAttributes (18ms)
				AfterProcessingInitializeOnLoad (12ms)
				EditorAssembliesLoaded (0ms)
			ExecutionOrderSort2 (0ms)
			AwakeInstancesAfterBackupRestoration (7ms)
Platform modules already initialized, skipping
========================================================================
Worker process is ready to serve import requests
Launched and connected shader compiler UnityShaderCompiler.exe after 0.06 seconds
Refreshing native plugins compatible for Editor in 0.37 ms, found 2 plugins.
Preloading 0 native plugins for Editor in 0.00 ms.
Unloading 1500 Unused Serialized files (Serialized files now loaded: 0)
System memory in use before: 67.4 MB.
System memory in use after: 67.5 MB.

Unloading 19 unused Assets to reduce memory usage. Loaded Objects now: 1932.
Total: 3.324600 ms (FindLiveObjects: 0.157200 ms CreateObjectMapping: 0.060100 ms MarkObjects: 2.986200 ms  DeleteObjects: 0.119300 ms)

AssetImportParameters requested are different than current active one (requested -> active):
  custom:framework-win-MediaFoundation: 216162199b28c13a410421893ffa2e32 -> 
  custom:video-decoder-ogg-theora: a1e56fd34408186e4bbccfd4996cb3dc -> 
  custom:container-muxer-webm: aa71ff27fc2769a1b78a27578f13a17b -> 
  custom:container-demuxer-webm: 4f35f7cbe854078d1ac9338744f61a02 -> 
  custom:container-demuxer-ogg: 62fdf1f143b41e24485cea50d1cbac27 -> 
  custom:video-encoder-webm-vp8: eb34c28f22e8b96e1ab97ce403110664 -> 
  custom:video-decoder-webm-vp8: 9c59270c3fd7afecdb556c50c9e8de78 -> 
  custom:audio-decoder-ogg-vorbis: bf7c407c2cedff20999df2af8eb42d56 -> 
  custom:audio-encoder-webm-vorbis: bf7c407c2cedff20999df2af8eb42d56 -> 
========================================================================
Received Import Request.
  path: Assets/Scenes
  artifactKey: Guid(35a19a9d295e4414fb7348e070a0f0f1) Importer(815301076,1909f56bfc062723c751e8b465ee728b)
Start importing Assets/Scenes using Guid(35a19a9d295e4414fb7348e070a0f0f1) Importer(815301076,1909f56bfc062723c751e8b465ee728b)  -> (artifact id: '0fcee3cf6ef300e6fe54108a221e03b6') in 0.012598 seconds 
  Import took 0.016723 seconds .

========================================================================
Received Prepare
Registering precompiled user dll's ...
Registered in 0.011507 seconds.
Begin MonoManager ReloadAssembly
Native extension for WindowsStandalone target not found
Refreshing native plugins compatible for Editor in 843.86 ms, found 2 plugins.
Preloading 0 native plugins for Editor in 0.00 ms.
Mono: successfully reloaded assembly
- Completed reload, in  5.197 seconds
Domain Reload Profiling:
	ReloadAssembly (5198ms)
		BeginReloadAssembly (768ms)
			ExecutionOrderSort (0ms)
			DisableScriptedObjects (10ms)
			BackupInstance (0ms)
			ReleaseScriptingObjects (0ms)
			CreateAndSetChildDomain (200ms)
		EndReloadAssembly (4194ms)
			LoadAssemblies (470ms)
			RebuildTransferFunctionScriptingTraits (0ms)
			SetupTypeCache (1236ms)
			ReleaseScriptCaches (2ms)
			RebuildScriptCaches (737ms)
			SetupLoadedEditorAssemblies (1262ms)
				LogAssemblyErrors (0ms)
				InitializePlatformSupportModulesInManaged (81ms)
				SetLoadedEditorAssemblies (0ms)
				RefreshPlugins (844ms)
				BeforeProcessingInitializeOnLoad (85ms)
				ProcessInitializeOnLoadAttributes (230ms)
				ProcessInitializeOnLoadMethodAttributes (11ms)
				AfterProcessingInitializeOnLoad (10ms)
				EditorAssembliesLoaded (0ms)
			ExecutionOrderSort2 (0ms)
			AwakeInstancesAfterBackupRestoration (8ms)
Platform modules already initialized, skipping
Shader 'Universal Render Pipeline/Nature/SpeedTree7': dependency 'BillboardShader' shader 'Universal Render Pipeline/Nature/SpeedTree7 Billboard' not found
Shader 'Universal Render Pipeline/Baked Lit': fallback shader 'Universal Render Pipeline/Unlit' not found
Shader 'Universal Render Pipeline/Simple Lit': fallback shader 'Hidden/Universal Render Pipeline/FallbackError' not found
Shader 'Universal Render Pipeline/Terrain/Lit': fallback shader 'Hidden/Universal Render Pipeline/FallbackError' not found
Shader 'Universal Render Pipeline/Terrain/Lit': dependency 'AddPassShader' shader 'Hidden/Universal Render Pipeline/Terrain/Lit (Add Pass)' not found
Shader 'Universal Render Pipeline/Terrain/Lit': dependency 'BaseMapShader' shader 'Hidden/Universal Render Pipeline/Terrain/Lit (Base Pass)' not found
Shader 'Universal Render Pipeline/Terrain/Lit': dependency 'BaseMapGenShader' shader 'Hidden/Universal Render Pipeline/Terrain/Lit (Basemap Gen)' not found
Shader 'Hidden/Universal Render Pipeline/Terrain/Lit (Add Pass)': fallback shader 'Hidden/Universal Render Pipeline/FallbackError' not found
Shader 'Hidden/Universal Render Pipeline/Terrain/Lit (Base Pass)': fallback shader 'Hidden/Universal Render Pipeline/FallbackError' not found
Refreshing native plugins compatible for Editor in 0.62 ms, found 2 plugins.
Preloading 0 native plugins for Editor in 0.00 ms.
Unloading 2750 Unused Serialized files (Serialized files now loaded: 0)
System memory in use before: 118.8 MB.
System memory in use after: 114.5 MB.

Unloading 71 unused Assets to reduce memory usage. Loaded Objects now: 3133.
Total: 5.169200 ms (FindLiveObjects: 0.232900 ms CreateObjectMapping: 0.135900 ms MarkObjects: 2.827600 ms  DeleteObjects: 1.971800 ms)

AssetImportParameters requested are different than current active one (requested -> active):
  custom:framework-win-MediaFoundation: 216162199b28c13a410421893ffa2e32 -> 
  custom:video-decoder-ogg-theora: a1e56fd34408186e4bbccfd4996cb3dc -> 
  custom:container-muxer-webm: aa71ff27fc2769a1b78a27578f13a17b -> 
  custom:container-demuxer-webm: 4f35f7cbe854078d1ac9338744f61a02 -> 
  custom:container-demuxer-ogg: 62fdf1f143b41e24485cea50d1cbac27 -> 
  custom:video-encoder-webm-vp8: eb34c28f22e8b96e1ab97ce403110664 -> 
  custom:video-decoder-webm-vp8: 9c59270c3fd7afecdb556c50c9e8de78 -> 
  custom:audio-decoder-ogg-vorbis: bf7c407c2cedff20999df2af8eb42d56 -> 
  custom:audio-encoder-webm-vorbis: bf7c407c2cedff20999df2af8eb42d56 -> 
========================================================================
Received Import Request.
  Time since last request: 171.537544 seconds.
  path: Assets/Scenes/Test.shadergraph
  artifactKey: Guid(a6a9dc0a2afb99549bfca6b0e1147e89) Importer(815301076,1909f56bfc062723c751e8b465ee728b)
Start importing Assets/Scenes/Test.shadergraph using Guid(a6a9dc0a2afb99549bfca6b0e1147e89) Importer(815301076,1909f56bfc062723c751e8b465ee728b)  -> (artifact id: '04ad014aadd34bad9e00809e0fa6cdac') in 0.061010 seconds 
  Import took 0.066334 seconds .

========================================================================
Received Import Request.
  Time since last request: 16.954798 seconds.
  path: Assets
  artifactKey: Guid(00000000000000001000000000000000) Importer(815301076,1909f56bfc062723c751e8b465ee728b)
Start importing Assets using Guid(00000000000000001000000000000000) Importer(815301076,1909f56bfc062723c751e8b465ee728b)  -> (artifact id: '42d402b061de3733987d63b9cc3b64de') in 0.011135 seconds 
  Import took 0.017006 seconds .

========================================================================
Received Import Request.
  Time since last request: 10.046133 seconds.
  path: Assets/Settings
  artifactKey: Guid(38c011e4fb4695d4b9272482c57fe673) Importer(815301076,1909f56bfc062723c751e8b465ee728b)
Start importing Assets/Settings using Guid(38c011e4fb4695d4b9272482c57fe673) Importer(815301076,1909f56bfc062723c751e8b465ee728b)  -> (artifact id: '3e9b56c0a07047571f2200837436582b') in 0.010251 seconds 
  Import took 0.015881 seconds .

========================================================================
Received Import Request.
  Time since last request: 13.017186 seconds.
  path: Assets/Settings/UniversalRenderPipelineAsset.asset
  artifactKey: Guid(34ce2a0893f017e43bbb95dcd7b0a3cd) Importer(815301076,1909f56bfc062723c751e8b465ee728b)
Start importing Assets/Settings/UniversalRenderPipelineAsset.asset using Guid(34ce2a0893f017e43bbb95dcd7b0a3cd) Importer(815301076,1909f56bfc062723c751e8b465ee728b)  -> (artifact id: '5731bc6c1e4ab319cb9bafc55bc2bfcd') in 0.075283 seconds 
  Import took 0.080974 seconds .

========================================================================
Received Import Request.
  Time since last request: 0.626930 seconds.
  path: Assets/Settings/UniversalRenderPipelineAsset_Renderer.asset
  artifactKey: Guid(85e84cf04c12a124da600646b9b520c1) Importer(815301076,1909f56bfc062723c751e8b465ee728b)
Start importing Assets/Settings/UniversalRenderPipelineAsset_Renderer.asset using Guid(85e84cf04c12a124da600646b9b520c1) Importer(815301076,1909f56bfc062723c751e8b465ee728b)  -> (artifact id: '372eba7a28f78c2115d2c43f8787ab8d') in 0.054493 seconds 
  Import took 0.061196 seconds .

========================================================================
Received Prepare
Switching render pipeline 00000000000000000000000000000000 -> 34ce2a0893f017e43bbb95dcd7b0a3cd
Refreshing native plugins compatible for Editor in 4.29 ms, found 2 plugins.
Preloading 0 native plugins for Editor in 0.00 ms.
Unloading 117 Unused Serialized files (Serialized files now loaded: 0)
System memory in use before: 70.7 MB.
System memory in use after: 67.6 MB.

Unloading 49 unused Assets to reduce memory usage. Loaded Objects now: 3201.
Total: 6.579600 ms (FindLiveObjects: 0.359600 ms CreateObjectMapping: 0.199300 ms MarkObjects: 3.967000 ms  DeleteObjects: 2.052200 ms)

AssetImportParameters requested are different than current active one (requested -> active):
  custom:framework-win-MediaFoundation: 216162199b28c13a410421893ffa2e32 -> 
  custom:video-decoder-ogg-theora: a1e56fd34408186e4bbccfd4996cb3dc -> 
  custom:container-muxer-webm: aa71ff27fc2769a1b78a27578f13a17b -> 
  custom:container-demuxer-webm: 4f35f7cbe854078d1ac9338744f61a02 -> 
  custom:container-demuxer-ogg: 62fdf1f143b41e24485cea50d1cbac27 -> 
  custom:video-encoder-webm-vp8: eb34c28f22e8b96e1ab97ce403110664 -> 
  custom:video-decoder-webm-vp8: 9c59270c3fd7afecdb556c50c9e8de78 -> 
  custom:audio-decoder-ogg-vorbis: bf7c407c2cedff20999df2af8eb42d56 -> 
  custom:audio-encoder-webm-vorbis: bf7c407c2cedff20999df2af8eb42d56 -> 
========================================================================
Received Import Request.
  Time since last request: 185.072605 seconds.
  path: Assets/Scenes/Zones
  artifactKey: Guid(34291a07e96d44246a6fcff37fba59d7) Importer(815301076,1909f56bfc062723c751e8b465ee728b)
Start importing Assets/Scenes/Zones using Guid(34291a07e96d44246a6fcff37fba59d7) Importer(815301076,1909f56bfc062723c751e8b465ee728b)  -> (artifact id: '563091544d4fad174841759bb5f9ab4d') in 0.008249 seconds 
  Import took 0.013518 seconds .

========================================================================
Received Import Request.
  Time since last request: 219.526700 seconds.
  path: Assets/Settings/UniversalRenderPipelineAsset.asset
  artifactKey: Guid(34ce2a0893f017e43bbb95dcd7b0a3cd) Importer(815301076,1909f56bfc062723c751e8b465ee728b)
Start importing Assets/Settings/UniversalRenderPipelineAsset.asset using Guid(34ce2a0893f017e43bbb95dcd7b0a3cd) Importer(815301076,1909f56bfc062723c751e8b465ee728b)  -> (artifact id: 'bddea336436019b5ca60a2fd7c737776') in 0.005761 seconds 
  Import took 0.011844 seconds .

========================================================================
Received Import Request.
  Time since last request: 52.785839 seconds.
  path: Assets/Scenes/SampleScene.unity
  artifactKey: Guid(9fc0d4010bbf28b4594072e72b8655ab) Importer(815301076,1909f56bfc062723c751e8b465ee728b)
Start importing Assets/Scenes/SampleScene.unity using Guid(9fc0d4010bbf28b4594072e72b8655ab) Importer(815301076,1909f56bfc062723c751e8b465ee728b)  -> (artifact id: '6a30d62f23d3477c0b31b3fe3518ef87') in 0.011586 seconds 
  Import took 0.018674 seconds .

========================================================================
Received Import Request.
  Time since last request: 19.097094 seconds.
  path: Assets/Scenes/SampleScene.unity
  artifactKey: Guid(9fc0d4010bbf28b4594072e72b8655ab) Importer(815301076,1909f56bfc062723c751e8b465ee728b)
Start importing Assets/Scenes/SampleScene.unity using Guid(9fc0d4010bbf28b4594072e72b8655ab) Importer(815301076,1909f56bfc062723c751e8b465ee728b)  -> (artifact id: '5d03ac4a80c9c6447217b47d209103c1') in 0.005606 seconds 
  Import took 0.012463 seconds .

========================================================================
Received Import Request.
  Time since last request: 5.109041 seconds.
  path: Assets/Scenes/SampleScene 1.unity
  artifactKey: Guid(e62513d85c445c6478e40b075822cd0f) Importer(815301076,1909f56bfc062723c751e8b465ee728b)
Start importing Assets/Scenes/SampleScene 1.unity using Guid(e62513d85c445c6478e40b075822cd0f) Importer(815301076,1909f56bfc062723c751e8b465ee728b)  -> (artifact id: '2bda11256c8083db20b07b3b125e6cd2') in 0.011612 seconds 
  Import took 0.017882 seconds .

========================================================================
Received Import Request.
  Time since last request: 5.681113 seconds.
  path: Assets/Scenes/Test.unity
  artifactKey: Guid(e62513d85c445c6478e40b075822cd0f) Importer(815301076,1909f56bfc062723c751e8b465ee728b)
Start importing Assets/Scenes/Test.unity using Guid(e62513d85c445c6478e40b075822cd0f) Importer(815301076,1909f56bfc062723c751e8b465ee728b)  -> (artifact id: '39c15d569fcc0d164823df7642e9016e') in 0.010051 seconds 
  Import took 0.014837 seconds .

========================================================================
Received Import Request.
  Time since last request: 15.762135 seconds.
  path: Assets/Scenes/MainScene.unity
  artifactKey: Guid(9fc0d4010bbf28b4594072e72b8655ab) Importer(815301076,1909f56bfc062723c751e8b465ee728b)
Start importing Assets/Scenes/MainScene.unity using Guid(9fc0d4010bbf28b4594072e72b8655ab) Importer(815301076,1909f56bfc062723c751e8b465ee728b)  -> (artifact id: 'c86596c9fe5053ede36ce9b92bb82646') in 0.011651 seconds 
  Import took 0.019514 seconds .

========================================================================
Received Import Request.
  Time since last request: 85.576067 seconds.
  path: Assets/Scenes/MainScene/PostProcessVolume Profile.asset
  artifactKey: Guid(d9e87be2eb31ecd4582088fbfeea4084) Importer(815301076,1909f56bfc062723c751e8b465ee728b)
Start importing Assets/Scenes/MainScene/PostProcessVolume Profile.asset using Guid(d9e87be2eb31ecd4582088fbfeea4084) Importer(815301076,1909f56bfc062723c751e8b465ee728b)  -> (artifact id: '9dd098d2ffbc25ade40f03ffde430918') in 0.014763 seconds 
  Import took 0.021053 seconds .

========================================================================
Received Import Request.
  Time since last request: 31.587703 seconds.
  path: Assets/Scenes/MainScene/PostProcessVolume Global.asset
  artifactKey: Guid(d9e87be2eb31ecd4582088fbfeea4084) Importer(815301076,1909f56bfc062723c751e8b465ee728b)
Start importing Assets/Scenes/MainScene/PostProcessVolume Global.asset using Guid(d9e87be2eb31ecd4582088fbfeea4084) Importer(815301076,1909f56bfc062723c751e8b465ee728b)  -> (artifact id: '3e981a1a39787ffafd96cd5d3cd64985') in 0.012754 seconds 
  Import took 0.020089 seconds .

========================================================================
Received Import Request.
  Time since last request: 7.582308 seconds.
  path: Assets/Scenes/MainScene/PostProcessVolume Global.asset
  artifactKey: Guid(d9e87be2eb31ecd4582088fbfeea4084) Importer(815301076,1909f56bfc062723c751e8b465ee728b)
Start importing Assets/Scenes/MainScene/PostProcessVolume Global.asset using Guid(d9e87be2eb31ecd4582088fbfeea4084) Importer(815301076,1909f56bfc062723c751e8b465ee728b)  -> (artifact id: 'e472241ecf9b4ea3e49e2e334736ed90') in 0.012541 seconds 
  Import took 0.017637 seconds .

========================================================================
Received Import Request.
  Time since last request: 69.916158 seconds.
  path: Assets/Scenes/MainScene.unity
  artifactKey: Guid(9fc0d4010bbf28b4594072e72b8655ab) Importer(815301076,1909f56bfc062723c751e8b465ee728b)
Start importing Assets/Scenes/MainScene.unity using Guid(9fc0d4010bbf28b4594072e72b8655ab) Importer(815301076,1909f56bfc062723c751e8b465ee728b)  -> (artifact id: 'e85a651b31a737f7d405e11e3a3b4a61') in 0.005128 seconds 
  Import took 0.013291 seconds .

========================================================================
Received Import Request.
  Time since last request: 1.396092 seconds.
  path: Assets/Scenes/MainScene 1.unity
  artifactKey: Guid(44e571bd22dc7e1478562aa40cb04c19) Importer(815301076,1909f56bfc062723c751e8b465ee728b)
Start importing Assets/Scenes/MainScene 1.unity using Guid(44e571bd22dc7e1478562aa40cb04c19) Importer(815301076,1909f56bfc062723c751e8b465ee728b)  -> (artifact id: '70f63bd76ed8a03d298b5f8b1d4fe8bc') in 0.011187 seconds 
  Import took 0.016545 seconds .

========================================================================
Received Import Request.
  Time since last request: 0.798827 seconds.
  path: Assets/Scenes/MainScene
  artifactKey: Guid(8492ae8ddc2750947a789551268a0e37) Importer(815301076,1909f56bfc062723c751e8b465ee728b)
Start importing Assets/Scenes/MainScene using Guid(8492ae8ddc2750947a789551268a0e37) Importer(815301076,1909f56bfc062723c751e8b465ee728b)  -> (artifact id: 'ab2cc2f31b7cc15dd2459529be4c8927') in 0.011864 seconds 
  Import took 0.018502 seconds .

========================================================================
Received Import Request.
  Time since last request: 5.748092 seconds.
  path: Assets/Scenes/Test.unity
  artifactKey: Guid(44e571bd22dc7e1478562aa40cb04c19) Importer(815301076,1909f56bfc062723c751e8b465ee728b)
Start importing Assets/Scenes/Test.unity using Guid(44e571bd22dc7e1478562aa40cb04c19) Importer(815301076,1909f56bfc062723c751e8b465ee728b)  -> (artifact id: '6149b10e953608b58d2613d69b46e0d0') in 0.004288 seconds 
  Import took 0.011035 seconds .

AssetImportWorkerClient::OnTransportError - code=2 error=End of file
